This is pdfTeX, Version 3.1415926-2.3-1.40.12 (TeX Live 2011) (format=pdfetex 2011.7.3)  15 JUN 2013 03:29
entering extended mode
 restricted \write18 enabled.
 file:line:error style messages enabled.
 %&-line parsing enabled.
**\nonstopmode \input /Users/abhijit/ARAASTAT/Teaching/workshop/Example1.md
(/Users/abhijit/ARAASTAT/Teaching/workshop/Example1.md
/Users/abhijit/ARAASTAT/Teaching/workshop/Example1.md:1: You can't use `macro p
arameter character #' in vertical mode.
l.1 #
      An example
Sorry, but I'm not programmed to handle this case;
I'll just pretend that you didn't ask for it.
If you're in the wrong mode, you might be able to
return to the right one by typing `I}' or `I$' or `I\par'.

)
! Emergency stop.
<*> ...ijit/ARAASTAT/Teaching/workshop/Example1.md
                                                  
*** (job aborted, no legal \end found)

!  ==> Fatal error occurred, no output PDF file produced!
